The system is: Linux - 5.14.21-150400.24.11_12.0.57-cray_shasta_c - x86_64
Compiling the C compiler identification source file "CMakeCCompilerId.c" succeeded.
Compiler: /opt/nvidia/hpc_sdk/Linux_x86_64/22.9/compilers/bin/nvc 
Build flags: 
Id flags:  

The output was:
0


Compilation of the C compiler identification source "CMakeCCompilerId.c" produced "a.out"

The C compiler identification is NVHPC, found in "/global/homes/v/vaidhy/OpenACC-Practicecodes/build/CMakeFiles/3.20.4/CompilerIdC/a.out"

Compiling the CXX compiler identification source file "CMakeCXXCompilerId.cpp" succeeded.
Compiler: /opt/nvidia/hpc_sdk/Linux_x86_64/22.9/compilers/bin/nvc++ 
Build flags: 
Id flags:  

The output was:
0


Compilation of the CXX compiler identification source "CMakeCXXCompilerId.cpp" produced "a.out"

The CXX compiler identification is NVHPC, found in "/global/homes/v/vaidhy/OpenACC-Practicecodes/build/CMakeFiles/3.20.4/CompilerIdCXX/a.out"

Detecting C compiler ABI info compiled with the following output:
Change Dir: /global/homes/v/vaidhy/OpenACC-Practicecodes/build/CMakeFiles/CMakeTmp

Run Build Command(s):/usr/bin/gmake -f Makefile cmTC_10f90/fast && /usr/bin/gmake  -f CMakeFiles/cmTC_10f90.dir/build.make CMakeFiles/cmTC_10f90.dir/build
gmake[1]: Entering directory '/global/u1/v/vaidhy/OpenACC-Practicecodes/build/CMakeFiles/CMakeTmp'
Building C object CMakeFiles/cmTC_10f90.dir/CMakeCCompilerABI.c.o
/opt/nvidia/hpc_sdk/Linux_x86_64/22.9/compilers/bin/nvc   -v -o CMakeFiles/cmTC_10f90.dir/CMakeCCompilerABI.c.o -c /usr/share/cmake/Modules/CMakeCCompilerABI.c
Export NVCOMPILER=/opt/nvidia/hpc_sdk/Linux_x86_64/22.9
Export PGI=/opt/nvidia/hpc_sdk

/opt/nvidia/hpc_sdk/Linux_x86_64/22.9/compilers/bin/tools/cpp1 --llalign -Dunix -D__unix -D__unix__ -Dlinux -D__linux -D__linux__ -D__NO_MATH_INLINES -D__LP64__ -D__x86_64 -D__x86_64__ -D__LONG_MAX__=9223372036854775807L '-D__SIZE_TYPE__=unsigned long int' '-D__PTRDIFF_TYPE__=long int' -D__amd64 -D__amd64__ -D__k8 -D__k8__ -D__MMX__ -D__SSE__ -D__SSE2__ -D__SSE3__ -D__SSSE3__ -D__SSE4A__ -D__ABM__ -D__SSE4_1__ -D__SSE4_2__ -D__AVX__ -D__AVX2__ -D__F16C__ -D__FMA__ -D__XSAVE__ -D__XSAVEOPT__ -D__XSAVEC__ -D__XSAVES__ -D__POPCNT__ -D__SHA__ -D__AES__ -D__PCLMUL__ -D__CLFLUSHOPT__ -D__FSGSBASE__ -D__RDRND__ -D__BMI__ -D__BMI2__ -D__LZCNT__ -D__FXSR__ -D__MWAITX__ -D__CLZERO__ -D__PKU__ -D__VAES__ -D__VPCLMULQDQ__ -D__PGI -D__NVCOMPILER -D_PGCG_SOURCE --c -I- -I/opt/nvidia/hpc_sdk/Linux_x86_64/22.9/compilers/extras/qd/include/qd -I/opt/nvidia/hpc_sdk/Linux_x86_64/22.9/comm_libs/nvshmem/include -I/opt/nvidia/hpc_sdk/Linux_x86_64/22.9/comm_libs/nccl/include -I/opt/nvidia/hpc_sdk/Linux_x86_64/22.9/cuda/include -I/opt/nvidia/hpc_sdk/Linux_x86_64/22.9/math_libs/include -I/opt/nvidia/hpc_sdk/Linux_x86_64/22.5/math_libs/11.7/include -I/opt/nvidia/hpc_sdk/Linux_x86_64/22.5/cuda/11.7/include --sys_include /opt/nvidia/hpc_sdk/Linux_x86_64/22.9/compilers/include --sys_include /usr/lib64/gcc/x86_64-suse-linux/7/include --sys_include /usr/local/include --sys_include /usr/lib64/gcc/x86_64-suse-linux/7/include-fixed --sys_include /usr/lib64/gcc/x86_64-suse-linux/7/../../../../x86_64-suse-linux/include --sys_include /usr/include -D__PGLLVM__ -D__NVCOMPILER_LLVM__ -D__extension__= --preinclude _cplus_preinclude.h --preinclude_macros _cplus_macros.h --gnu_version=70500 -D__pgnu_vsn=70500 --no_fixed_bp -q -o /tmp/nvciRBybBGvce3.il /usr/share/cmake/Modules/CMakeCCompilerABI.c

/opt/nvidia/hpc_sdk/Linux_x86_64/22.9/compilers/bin/tools/cpp2 /usr/share/cmake/Modules/CMakeCCompilerABI.c -opt 1 -x 119 0xa10000 -x 122 0x40 -x 123 0x1000 -x 127 4 -x 127 17 -x 19 0x400000 -x 28 0x40000 -x 120 0x10000000 -x 70 0x8000 -x 122 1 -x 125 0x20000 -quad -x 59 4 -tp zen3 -x 120 0x1000 -astype 0 -x 121 1 -fn /usr/share/cmake/Modules/CMakeCCompilerABI.c -il /tmp/nvciRBybBGvce3.il -x 123 0x80000000 -x 123 4 -x 2 0x400 -x 119 0x20 -def __pgnu_vsn=70500 -x 70 0x40000000 -x 183 4 -x 121 0x800 -x 6 0x20000 -x 122 0x400000 -y 125 0x100000 -x 249 140 -x 120 0x200000 -x 70 0x40000000 -x 8 0x40000000 -x 164 0x800000 -x 71 0x2000 -x 71 0x4000 -x 34 0x40000000 -x 83 0x1 -x 85 0x1 -x 206 0x02 -x 120 0x1000000 -x 68 0x1 -x 39 4 -x 56 0x10 -x 26 0x10 -x 26 1 -x 56 0x4000 -x 197 0 -x 175 0 -x 203 0 -x 204 0 -y 163 0xc0000000 -x 189 0x10 -y 189 0x4000000 -x 60 512 -gnuvsn 70500 -x 69 0x200 -x 123 0x400 -cmdline '+nvc /tmp/nvciRBybBGvce3.il -v -o CMakeFiles/cmTC_10f90.dir/CMakeCCompilerABI.c.o -c' -asm /tmp/nvciRByVmkVbZu.ll
NVC++/x86-64 Linux 22.9-0: compilation successful

/opt/nvidia/hpc_sdk/Linux_x86_64/22.9/compilers/share/llvm/bin/llc /tmp/nvciRByVmkVbZu.ll -march=x86-64 -mcpu=native -mattr=+mmx -mattr=+sse -mattr=+sse2 -mattr=+sse3 -mattr=+ssse3 -mattr=+sse4a -mattr=+sse4.1 -mattr=+sse4.2 -mattr=+avx -mattr=+avx2 -mattr=+f16c -mattr=+fma -mattr=+xsave -mattr=+xsaveopt -mattr=+xsavec -mattr=+xsaves -mattr=+popcnt -mattr=+sha -mattr=+aes -mattr=+pclmul -mattr=+clflushopt -mattr=+fsgsbase -mattr=+rdrnd -mattr=+bmi -mattr=+bmi2 -mattr=+lzcnt -mattr=+fxsr -mattr=+mwaitx -mattr=+clzero -mattr=+pku -mattr=+vaes -mattr=+vpclmulqdq -O1 -non-global-value-max-name-size=4294967295 -x86-cmov-converter=0 -dwarf-directory=false --align-all-functions=6 -filetype=obj --frame-pointer=none -o CMakeFiles/cmTC_10f90.dir/CMakeCCompilerABI.c.o
Unlinking /tmp/nvciRBybBGvce3.il
Unlinking /tmp/nvciRBymZNxTm9.s
Unlinking /tmp/nvciRByVmkVbZu.ll
Unlinking /tmp/nvciRByQYFlTcf.llvm
Linking C executable cmTC_10f90
/usr/bin/cmake -E cmake_link_script CMakeFiles/cmTC_10f90.dir/link.txt --verbose=1
/opt/nvidia/hpc_sdk/Linux_x86_64/22.9/compilers/bin/nvc  -v CMakeFiles/cmTC_10f90.dir/CMakeCCompilerABI.c.o -o cmTC_10f90 
Export NVCOMPILER=/opt/nvidia/hpc_sdk/Linux_x86_64/22.9
Export PGI=/opt/nvidia/hpc_sdk

/usr/bin/ld /usr/lib64/crt1.o /usr/lib64/crti.o /opt/nvidia/hpc_sdk/Linux_x86_64/22.9/compilers/lib/trace_init.o /usr/lib64/gcc/x86_64-suse-linux/7/crtbegin.o --eh-frame-hdr -m elf_x86_64 -dynamic-linker /lib64/ld-linux-x86-64.so.2 -T /opt/nvidia/hpc_sdk/Linux_x86_64/22.9/compilers/lib/nvhpc.ld -L/opt/nvidia/hpc_sdk/Linux_x86_64/22.9/compilers/lib -L/usr/lib64 -L/usr/lib64/gcc/x86_64-suse-linux/7 CMakeFiles/cmTC_10f90.dir/CMakeCCompilerABI.c.o -rpath /opt/nvidia/hpc_sdk/Linux_x86_64/22.9/compilers/lib -rpath /usr/lib64/gcc/x86_64-suse-linux/7/../../../../lib64 -o cmTC_10f90 -L/usr/lib64/gcc/x86_64-suse-linux/7/../../../../lib64 -lnvomp -ldl --as-needed -lnvhpcatm -latomic --no-as-needed -lpthread -lnvcpumath -lnsnvc -lnvc -lgcc -lc -lgcc_s -lm /usr/lib64/gcc/x86_64-suse-linux/7/crtend.o /usr/lib64/crtn.o
gmake[1]: Leaving directory '/global/u1/v/vaidhy/OpenACC-Practicecodes/build/CMakeFiles/CMakeTmp'



Parsed C implicit include dir info from above output: rv=start
  warn: unable to parse implicit include dirs!


Parsed C implicit link information from above output:
  link line regex: [^( *|.*[/\])(ld|CMAKE_LINK_STARTFILE-NOTFOUND|([^/\]+-)?ld|collect2)[^/\]*( |$)]
  ignore line: [Change Dir: /global/homes/v/vaidhy/OpenACC-Practicecodes/build/CMakeFiles/CMakeTmp]
  ignore line: []
  ignore line: [Run Build Command(s):/usr/bin/gmake -f Makefile cmTC_10f90/fast && /usr/bin/gmake  -f CMakeFiles/cmTC_10f90.dir/build.make CMakeFiles/cmTC_10f90.dir/build]
  ignore line: [gmake[1]: Entering directory '/global/u1/v/vaidhy/OpenACC-Practicecodes/build/CMakeFiles/CMakeTmp']
  ignore line: [Building C object CMakeFiles/cmTC_10f90.dir/CMakeCCompilerABI.c.o]
  ignore line: [/opt/nvidia/hpc_sdk/Linux_x86_64/22.9/compilers/bin/nvc   -v -o CMakeFiles/cmTC_10f90.dir/CMakeCCompilerABI.c.o -c /usr/share/cmake/Modules/CMakeCCompilerABI.c]
  ignore line: [Export NVCOMPILER=/opt/nvidia/hpc_sdk/Linux_x86_64/22.9]
  ignore line: [Export PGI=/opt/nvidia/hpc_sdk]
  ignore line: []
  ignore line: [/opt/nvidia/hpc_sdk/Linux_x86_64/22.9/compilers/bin/tools/cpp1 --llalign -Dunix -D__unix -D__unix__ -Dlinux -D__linux -D__linux__ -D__NO_MATH_INLINES -D__LP64__ -D__x86_64 -D__x86_64__ -D__LONG_MAX__=9223372036854775807L '-D__SIZE_TYPE__=unsigned long int' '-D__PTRDIFF_TYPE__=long int' -D__amd64 -D__amd64__ -D__k8 -D__k8__ -D__MMX__ -D__SSE__ -D__SSE2__ -D__SSE3__ -D__SSSE3__ -D__SSE4A__ -D__ABM__ -D__SSE4_1__ -D__SSE4_2__ -D__AVX__ -D__AVX2__ -D__F16C__ -D__FMA__ -D__XSAVE__ -D__XSAVEOPT__ -D__XSAVEC__ -D__XSAVES__ -D__POPCNT__ -D__SHA__ -D__AES__ -D__PCLMUL__ -D__CLFLUSHOPT__ -D__FSGSBASE__ -D__RDRND__ -D__BMI__ -D__BMI2__ -D__LZCNT__ -D__FXSR__ -D__MWAITX__ -D__CLZERO__ -D__PKU__ -D__VAES__ -D__VPCLMULQDQ__ -D__PGI -D__NVCOMPILER -D_PGCG_SOURCE --c -I- -I/opt/nvidia/hpc_sdk/Linux_x86_64/22.9/compilers/extras/qd/include/qd -I/opt/nvidia/hpc_sdk/Linux_x86_64/22.9/comm_libs/nvshmem/include -I/opt/nvidia/hpc_sdk/Linux_x86_64/22.9/comm_libs/nccl/include -I/opt/nvidia/hpc_sdk/Linux_x86_64/22.9/cuda/include -I/opt/nvidia/hpc_sdk/Linux_x86_64/22.9/math_libs/include -I/opt/nvidia/hpc_sdk/Linux_x86_64/22.5/math_libs/11.7/include -I/opt/nvidia/hpc_sdk/Linux_x86_64/22.5/cuda/11.7/include --sys_include /opt/nvidia/hpc_sdk/Linux_x86_64/22.9/compilers/include --sys_include /usr/lib64/gcc/x86_64-suse-linux/7/include --sys_include /usr/local/include --sys_include /usr/lib64/gcc/x86_64-suse-linux/7/include-fixed --sys_include /usr/lib64/gcc/x86_64-suse-linux/7/../../../../x86_64-suse-linux/include --sys_include /usr/include -D__PGLLVM__ -D__NVCOMPILER_LLVM__ -D__extension__= --preinclude _cplus_preinclude.h --preinclude_macros _cplus_macros.h --gnu_version=70500 -D__pgnu_vsn=70500 --no_fixed_bp -q -o /tmp/nvciRBybBGvce3.il /usr/share/cmake/Modules/CMakeCCompilerABI.c]
  ignore line: []
  ignore line: [/opt/nvidia/hpc_sdk/Linux_x86_64/22.9/compilers/bin/tools/cpp2 /usr/share/cmake/Modules/CMakeCCompilerABI.c -opt 1 -x 119 0xa10000 -x 122 0x40 -x 123 0x1000 -x 127 4 -x 127 17 -x 19 0x400000 -x 28 0x40000 -x 120 0x10000000 -x 70 0x8000 -x 122 1 -x 125 0x20000 -quad -x 59 4 -tp zen3 -x 120 0x1000 -astype 0 -x 121 1 -fn /usr/share/cmake/Modules/CMakeCCompilerABI.c -il /tmp/nvciRBybBGvce3.il -x 123 0x80000000 -x 123 4 -x 2 0x400 -x 119 0x20 -def __pgnu_vsn=70500 -x 70 0x40000000 -x 183 4 -x 121 0x800 -x 6 0x20000 -x 122 0x400000 -y 125 0x100000 -x 249 140 -x 120 0x200000 -x 70 0x40000000 -x 8 0x40000000 -x 164 0x800000 -x 71 0x2000 -x 71 0x4000 -x 34 0x40000000 -x 83 0x1 -x 85 0x1 -x 206 0x02 -x 120 0x1000000 -x 68 0x1 -x 39 4 -x 56 0x10 -x 26 0x10 -x 26 1 -x 56 0x4000 -x 197 0 -x 175 0 -x 203 0 -x 204 0 -y 163 0xc0000000 -x 189 0x10 -y 189 0x4000000 -x 60 512 -gnuvsn 70500 -x 69 0x200 -x 123 0x400 -cmdline '+nvc /tmp/nvciRBybBGvce3.il -v -o CMakeFiles/cmTC_10f90.dir/CMakeCCompilerABI.c.o -c' -asm /tmp/nvciRByVmkVbZu.ll]
  ignore line: [NVC++/x86-64 Linux 22.9-0: compilation successful]
  ignore line: []
  ignore line: [/opt/nvidia/hpc_sdk/Linux_x86_64/22.9/compilers/share/llvm/bin/llc /tmp/nvciRByVmkVbZu.ll -march=x86-64 -mcpu=native -mattr=+mmx -mattr=+sse -mattr=+sse2 -mattr=+sse3 -mattr=+ssse3 -mattr=+sse4a -mattr=+sse4.1 -mattr=+sse4.2 -mattr=+avx -mattr=+avx2 -mattr=+f16c -mattr=+fma -mattr=+xsave -mattr=+xsaveopt -mattr=+xsavec -mattr=+xsaves -mattr=+popcnt -mattr=+sha -mattr=+aes -mattr=+pclmul -mattr=+clflushopt -mattr=+fsgsbase -mattr=+rdrnd -mattr=+bmi -mattr=+bmi2 -mattr=+lzcnt -mattr=+fxsr -mattr=+mwaitx -mattr=+clzero -mattr=+pku -mattr=+vaes -mattr=+vpclmulqdq -O1 -non-global-value-max-name-size=4294967295 -x86-cmov-converter=0 -dwarf-directory=false --align-all-functions=6 -filetype=obj --frame-pointer=none -o CMakeFiles/cmTC_10f90.dir/CMakeCCompilerABI.c.o]
  ignore line: [Unlinking /tmp/nvciRBybBGvce3.il]
  ignore line: [Unlinking /tmp/nvciRBymZNxTm9.s]
  ignore line: [Unlinking /tmp/nvciRByVmkVbZu.ll]
  ignore line: [Unlinking /tmp/nvciRByQYFlTcf.llvm]
  ignore line: [Linking C executable cmTC_10f90]
  ignore line: [/usr/bin/cmake -E cmake_link_script CMakeFiles/cmTC_10f90.dir/link.txt --verbose=1]
  ignore line: [/opt/nvidia/hpc_sdk/Linux_x86_64/22.9/compilers/bin/nvc  -v CMakeFiles/cmTC_10f90.dir/CMakeCCompilerABI.c.o -o cmTC_10f90 ]
  ignore line: [Export NVCOMPILER=/opt/nvidia/hpc_sdk/Linux_x86_64/22.9]
  ignore line: [Export PGI=/opt/nvidia/hpc_sdk]
  ignore line: []
  link line: [/usr/bin/ld /usr/lib64/crt1.o /usr/lib64/crti.o /opt/nvidia/hpc_sdk/Linux_x86_64/22.9/compilers/lib/trace_init.o /usr/lib64/gcc/x86_64-suse-linux/7/crtbegin.o --eh-frame-hdr -m elf_x86_64 -dynamic-linker /lib64/ld-linux-x86-64.so.2 -T /opt/nvidia/hpc_sdk/Linux_x86_64/22.9/compilers/lib/nvhpc.ld -L/opt/nvidia/hpc_sdk/Linux_x86_64/22.9/compilers/lib -L/usr/lib64 -L/usr/lib64/gcc/x86_64-suse-linux/7 CMakeFiles/cmTC_10f90.dir/CMakeCCompilerABI.c.o -rpath /opt/nvidia/hpc_sdk/Linux_x86_64/22.9/compilers/lib -rpath /usr/lib64/gcc/x86_64-suse-linux/7/../../../../lib64 -o cmTC_10f90 -L/usr/lib64/gcc/x86_64-suse-linux/7/../../../../lib64 -lnvomp -ldl --as-needed -lnvhpcatm -latomic --no-as-needed -lpthread -lnvcpumath -lnsnvc -lnvc -lgcc -lc -lgcc_s -lm /usr/lib64/gcc/x86_64-suse-linux/7/crtend.o /usr/lib64/crtn.o]
    arg [/usr/bin/ld] ==> ignore
    arg [/usr/lib64/crt1.o] ==> obj [/usr/lib64/crt1.o]
    arg [/usr/lib64/crti.o] ==> obj [/usr/lib64/crti.o]
    arg [/opt/nvidia/hpc_sdk/Linux_x86_64/22.9/compilers/lib/trace_init.o] ==> obj [/opt/nvidia/hpc_sdk/Linux_x86_64/22.9/compilers/lib/trace_init.o]
    arg [/usr/lib64/gcc/x86_64-suse-linux/7/crtbegin.o] ==> obj [/usr/lib64/gcc/x86_64-suse-linux/7/crtbegin.o]
    arg [--eh-frame-hdr] ==> ignore
    arg [-m] ==> ignore
    arg [elf_x86_64] ==> ignore
    arg [-dynamic-linker] ==> ignore
    arg [/lib64/ld-linux-x86-64.so.2] ==> ignore
    arg [-T] ==> ignore
    arg [/opt/nvidia/hpc_sdk/Linux_x86_64/22.9/compilers/lib/nvhpc.ld] ==> ignore
    arg [-L/opt/nvidia/hpc_sdk/Linux_x86_64/22.9/compilers/lib] ==> dir [/opt/nvidia/hpc_sdk/Linux_x86_64/22.9/compilers/lib]
    arg [-L/usr/lib64] ==> dir [/usr/lib64]
    arg [-L/usr/lib64/gcc/x86_64-suse-linux/7] ==> dir [/usr/lib64/gcc/x86_64-suse-linux/7]
    arg [CMakeFiles/cmTC_10f90.dir/CMakeCCompilerABI.c.o] ==> ignore
    arg [-rpath] ==> ignore
    arg [/opt/nvidia/hpc_sdk/Linux_x86_64/22.9/compilers/lib] ==> ignore
    arg [-rpath] ==> ignore
    arg [/usr/lib64/gcc/x86_64-suse-linux/7/../../../../lib64] ==> ignore
    arg [-o] ==> ignore
    arg [cmTC_10f90] ==> ignore
    arg [-L/usr/lib64/gcc/x86_64-suse-linux/7/../../../../lib64] ==> dir [/usr/lib64/gcc/x86_64-suse-linux/7/../../../../lib64]
    arg [-lnvomp] ==> lib [nvomp]
    arg [-ldl] ==> lib [dl]
    arg [--as-needed] ==> ignore
    arg [-lnvhpcatm] ==> lib [nvhpcatm]
    arg [-latomic] ==> lib [atomic]
    arg [--no-as-needed] ==> ignore
    arg [-lpthread] ==> lib [pthread]
    arg [-lnvcpumath] ==> lib [nvcpumath]
    arg [-lnsnvc] ==> lib [nsnvc]
    arg [-lnvc] ==> lib [nvc]
    arg [-lgcc] ==> lib [gcc]
    arg [-lc] ==> lib [c]
    arg [-lgcc_s] ==> lib [gcc_s]
    arg [-lm] ==> lib [m]
    arg [/usr/lib64/gcc/x86_64-suse-linux/7/crtend.o] ==> obj [/usr/lib64/gcc/x86_64-suse-linux/7/crtend.o]
    arg [/usr/lib64/crtn.o] ==> obj [/usr/lib64/crtn.o]
  collapse library dir [/opt/nvidia/hpc_sdk/Linux_x86_64/22.9/compilers/lib] ==> [/opt/nvidia/hpc_sdk/Linux_x86_64/22.9/compilers/lib]
  collapse library dir [/usr/lib64] ==> [/usr/lib64]
  collapse library dir [/usr/lib64/gcc/x86_64-suse-linux/7] ==> [/usr/lib64/gcc/x86_64-suse-linux/7]
  collapse library dir [/usr/lib64/gcc/x86_64-suse-linux/7/../../../../lib64] ==> [/usr/lib64]
  implicit libs: [nvomp;dl;nvhpcatm;atomic;pthread;nvcpumath;nsnvc;nvc;gcc;c;gcc_s;m]
  implicit objs: [/usr/lib64/crt1.o;/usr/lib64/crti.o;/opt/nvidia/hpc_sdk/Linux_x86_64/22.9/compilers/lib/trace_init.o;/usr/lib64/gcc/x86_64-suse-linux/7/crtbegin.o;/usr/lib64/gcc/x86_64-suse-linux/7/crtend.o;/usr/lib64/crtn.o]
  implicit dirs: [/opt/nvidia/hpc_sdk/Linux_x86_64/22.9/compilers/lib;/usr/lib64;/usr/lib64/gcc/x86_64-suse-linux/7]
  implicit fwks: []


Detecting CXX compiler ABI info compiled with the following output:
Change Dir: /global/homes/v/vaidhy/OpenACC-Practicecodes/build/CMakeFiles/CMakeTmp

Run Build Command(s):/usr/bin/gmake -f Makefile cmTC_73f9c/fast && /usr/bin/gmake  -f CMakeFiles/cmTC_73f9c.dir/build.make CMakeFiles/cmTC_73f9c.dir/build
gmake[1]: Entering directory '/global/u1/v/vaidhy/OpenACC-Practicecodes/build/CMakeFiles/CMakeTmp'
Building CXX object CMakeFiles/cmTC_73f9c.dir/CMakeCXXCompilerABI.cpp.o
/opt/nvidia/hpc_sdk/Linux_x86_64/22.9/compilers/bin/nvc++   -v -o CMakeFiles/cmTC_73f9c.dir/CMakeCXXCompilerABI.cpp.o -c /usr/share/cmake/Modules/CMakeCXXCompilerABI.cpp
Export NVCOMPILER=/opt/nvidia/hpc_sdk/Linux_x86_64/22.9
Export PGI=/opt/nvidia/hpc_sdk

/opt/nvidia/hpc_sdk/Linux_x86_64/22.9/compilers/bin/tools/cpp1 --llalign -Dunix -D__unix -D__unix__ -Dlinux -D__linux -D__linux__ -D__NO_MATH_INLINES -D__LP64__ -D__x86_64 -D__x86_64__ -D__LONG_MAX__=9223372036854775807L '-D__SIZE_TYPE__=unsigned long int' '-D__PTRDIFF_TYPE__=long int' -D__amd64 -D__amd64__ -D__k8 -D__k8__ -D__MMX__ -D__SSE__ -D__SSE2__ -D__SSE3__ -D__SSSE3__ -D__SSE4A__ -D__ABM__ -D__SSE4_1__ -D__SSE4_2__ -D__AVX__ -D__AVX2__ -D__F16C__ -D__FMA__ -D__XSAVE__ -D__XSAVEOPT__ -D__XSAVEC__ -D__XSAVES__ -D__POPCNT__ -D__SHA__ -D__AES__ -D__PCLMUL__ -D__CLFLUSHOPT__ -D__FSGSBASE__ -D__RDRND__ -D__BMI__ -D__BMI2__ -D__LZCNT__ -D__FXSR__ -D__MWAITX__ -D__CLZERO__ -D__PKU__ -D__VAES__ -D__VPCLMULQDQ__ -D__PGI -D__NVCOMPILER -D_GNU_SOURCE -D_PGCG_SOURCE -I- -I/opt/nvidia/hpc_sdk/Linux_x86_64/22.9/compilers/extras/qd/include/qd -I/opt/nvidia/hpc_sdk/Linux_x86_64/22.9/comm_libs/nvshmem/include -I/opt/nvidia/hpc_sdk/Linux_x86_64/22.9/comm_libs/nccl/include -I/opt/nvidia/hpc_sdk/Linux_x86_64/22.9/cuda/include -I/opt/nvidia/hpc_sdk/Linux_x86_64/22.9/math_libs/include -I/opt/nvidia/hpc_sdk/Linux_x86_64/22.5/math_libs/11.7/include -I/opt/nvidia/hpc_sdk/Linux_x86_64/22.5/cuda/11.7/include --sys_include /opt/nvidia/hpc_sdk/Linux_x86_64/22.9/compilers/include --sys_include /usr/include/c++/7 --sys_include /usr/include/c++/7/x86_64-suse-linux --sys_include /usr/include/c++/7/backward --sys_include /usr/lib64/gcc/x86_64-suse-linux/7/include --sys_include /usr/local/include --sys_include /usr/lib64/gcc/x86_64-suse-linux/7/include-fixed --sys_include /usr/lib64/gcc/x86_64-suse-linux/7/../../../../x86_64-suse-linux/include --sys_include /usr/include -D__PGLLVM__ -D__NVCOMPILER_LLVM__ -D__extension__= --preinclude _cplus_preinclude.h --preinclude_macros _cplus_macros.h --gnu_version=70500 -D__pgnu_vsn=70500 --no_fixed_bp -q -o /tmp/nvc++ZZCzfNkcdq2.il /usr/share/cmake/Modules/CMakeCXXCompilerABI.cpp

/opt/nvidia/hpc_sdk/Linux_x86_64/22.9/compilers/bin/tools/cpp2 /usr/share/cmake/Modules/CMakeCXXCompilerABI.cpp -opt 1 -x 119 0xa10000 -x 122 0x40 -x 123 0x1000 -x 127 4 -x 127 17 -x 19 0x400000 -x 28 0x40000 -x 120 0x10000000 -x 70 0x8000 -x 122 1 -x 125 0x20000 -quad -x 59 4 -tp zen3 -x 120 0x1000 -astype 0 -x 121 1 -fn /usr/share/cmake/Modules/CMakeCXXCompilerABI.cpp -il /tmp/nvc++ZZCzfNkcdq2.il -x 117 0x200 -x 123 0x80000000 -x 123 4 -x 119 0x20 -def __pgnu_vsn=70500 -x 70 0x40000000 -x 183 4 -x 121 0x800 -x 6 0x20000 -x 249 140 -x 120 0x200000 -x 70 0x40000000 -x 8 0x40000000 -x 164 0x800000 -x 71 0x2000 -x 71 0x4000 -x 34 0x40000000 -x 83 0x1 -x 85 0x1 -x 206 0x02 -x 120 0x1000000 -x 68 0x1 -x 39 4 -x 56 0x10 -x 26 0x10 -x 26 1 -x 56 0x4000 -x 197 0 -x 175 0 -x 203 0 -x 204 0 -y 163 0xc0000000 -x 189 0x10 -y 189 0x4000000 -x 60 512 -gnuvsn 70500 -x 69 0x200 -x 123 0x400 -cmdline '+nvc++ /tmp/nvc++ZZCzfNkcdq2.il -v -o CMakeFiles/cmTC_73f9c.dir/CMakeCXXCompilerABI.cpp.o -c' -asm /tmp/nvc++JZCP0D_Bj8f.ll
NVC++/x86-64 Linux 22.9-0: compilation successful

/opt/nvidia/hpc_sdk/Linux_x86_64/22.9/compilers/share/llvm/bin/llc /tmp/nvc++JZCP0D_Bj8f.ll -march=x86-64 -mcpu=native -mattr=+mmx -mattr=+sse -mattr=+sse2 -mattr=+sse3 -mattr=+ssse3 -mattr=+sse4a -mattr=+sse4.1 -mattr=+sse4.2 -mattr=+avx -mattr=+avx2 -mattr=+f16c -mattr=+fma -mattr=+xsave -mattr=+xsaveopt -mattr=+xsavec -mattr=+xsaves -mattr=+popcnt -mattr=+sha -mattr=+aes -mattr=+pclmul -mattr=+clflushopt -mattr=+fsgsbase -mattr=+rdrnd -mattr=+bmi -mattr=+bmi2 -mattr=+lzcnt -mattr=+fxsr -mattr=+mwaitx -mattr=+clzero -mattr=+pku -mattr=+vaes -mattr=+vpclmulqdq -O1 -non-global-value-max-name-size=4294967295 -x86-cmov-converter=0 -dwarf-directory=false --align-all-functions=6 -filetype=obj --frame-pointer=none -o CMakeFiles/cmTC_73f9c.dir/CMakeCXXCompilerABI.cpp.o
Unlinking /tmp/nvc++ZZCzfNkcdq2.il
Unlinking /tmp/nvc++lZCHW-K7eA3.s
Unlinking /tmp/nvc++JZCP0D_Bj8f.ll
Unlinking /tmp/nvc++7ZCXzSVIsaR.llvm
Linking CXX executable cmTC_73f9c
/usr/bin/cmake -E cmake_link_script CMakeFiles/cmTC_73f9c.dir/link.txt --verbose=1
/opt/nvidia/hpc_sdk/Linux_x86_64/22.9/compilers/bin/nvc++  -v CMakeFiles/cmTC_73f9c.dir/CMakeCXXCompilerABI.cpp.o -o cmTC_73f9c 
Export NVCOMPILER=/opt/nvidia/hpc_sdk/Linux_x86_64/22.9
Export PGI=/opt/nvidia/hpc_sdk

/usr/bin/ld /usr/lib64/crt1.o /usr/lib64/crti.o /opt/nvidia/hpc_sdk/Linux_x86_64/22.9/compilers/lib/trace_init.o /usr/lib64/gcc/x86_64-suse-linux/7/crtbegin.o --eh-frame-hdr -m elf_x86_64 -dynamic-linker /lib64/ld-linux-x86-64.so.2 -T /opt/nvidia/hpc_sdk/Linux_x86_64/22.9/compilers/lib/nvhpc.ld -L/opt/nvidia/hpc_sdk/Linux_x86_64/22.9/compilers/lib -L/usr/lib64 -L/usr/lib64/gcc/x86_64-suse-linux/7 CMakeFiles/cmTC_73f9c.dir/CMakeCXXCompilerABI.cpp.o -rpath /opt/nvidia/hpc_sdk/Linux_x86_64/22.9/compilers/lib -rpath /usr/lib64/gcc/x86_64-suse-linux/7/../../../../lib64 -o cmTC_73f9c -L/usr/lib64/gcc/x86_64-suse-linux/7/../../../../lib64 -latomic -lnvhpcatm -lstdc++ -lnvomp -ldl --as-needed -lnvhpcatm -latomic --no-as-needed -lpthread -lnvcpumath -lnsnvc -lnvc -lgcc -lc -lgcc_s -lm /usr/lib64/gcc/x86_64-suse-linux/7/crtend.o /usr/lib64/crtn.o
gmake[1]: Leaving directory '/global/u1/v/vaidhy/OpenACC-Practicecodes/build/CMakeFiles/CMakeTmp'



Parsed CXX implicit include dir info from above output: rv=start
  warn: unable to parse implicit include dirs!


Parsed CXX implicit link information from above output:
  link line regex: [^( *|.*[/\])(ld|CMAKE_LINK_STARTFILE-NOTFOUND|([^/\]+-)?ld|collect2)[^/\]*( |$)]
  ignore line: [Change Dir: /global/homes/v/vaidhy/OpenACC-Practicecodes/build/CMakeFiles/CMakeTmp]
  ignore line: []
  ignore line: [Run Build Command(s):/usr/bin/gmake -f Makefile cmTC_73f9c/fast && /usr/bin/gmake  -f CMakeFiles/cmTC_73f9c.dir/build.make CMakeFiles/cmTC_73f9c.dir/build]
  ignore line: [gmake[1]: Entering directory '/global/u1/v/vaidhy/OpenACC-Practicecodes/build/CMakeFiles/CMakeTmp']
  ignore line: [Building CXX object CMakeFiles/cmTC_73f9c.dir/CMakeCXXCompilerABI.cpp.o]
  ignore line: [/opt/nvidia/hpc_sdk/Linux_x86_64/22.9/compilers/bin/nvc++   -v -o CMakeFiles/cmTC_73f9c.dir/CMakeCXXCompilerABI.cpp.o -c /usr/share/cmake/Modules/CMakeCXXCompilerABI.cpp]
  ignore line: [Export NVCOMPILER=/opt/nvidia/hpc_sdk/Linux_x86_64/22.9]
  ignore line: [Export PGI=/opt/nvidia/hpc_sdk]
  ignore line: []
  ignore line: [/opt/nvidia/hpc_sdk/Linux_x86_64/22.9/compilers/bin/tools/cpp1 --llalign -Dunix -D__unix -D__unix__ -Dlinux -D__linux -D__linux__ -D__NO_MATH_INLINES -D__LP64__ -D__x86_64 -D__x86_64__ -D__LONG_MAX__=9223372036854775807L '-D__SIZE_TYPE__=unsigned long int' '-D__PTRDIFF_TYPE__=long int' -D__amd64 -D__amd64__ -D__k8 -D__k8__ -D__MMX__ -D__SSE__ -D__SSE2__ -D__SSE3__ -D__SSSE3__ -D__SSE4A__ -D__ABM__ -D__SSE4_1__ -D__SSE4_2__ -D__AVX__ -D__AVX2__ -D__F16C__ -D__FMA__ -D__XSAVE__ -D__XSAVEOPT__ -D__XSAVEC__ -D__XSAVES__ -D__POPCNT__ -D__SHA__ -D__AES__ -D__PCLMUL__ -D__CLFLUSHOPT__ -D__FSGSBASE__ -D__RDRND__ -D__BMI__ -D__BMI2__ -D__LZCNT__ -D__FXSR__ -D__MWAITX__ -D__CLZERO__ -D__PKU__ -D__VAES__ -D__VPCLMULQDQ__ -D__PGI -D__NVCOMPILER -D_GNU_SOURCE -D_PGCG_SOURCE -I- -I/opt/nvidia/hpc_sdk/Linux_x86_64/22.9/compilers/extras/qd/include/qd -I/opt/nvidia/hpc_sdk/Linux_x86_64/22.9/comm_libs/nvshmem/include -I/opt/nvidia/hpc_sdk/Linux_x86_64/22.9/comm_libs/nccl/include -I/opt/nvidia/hpc_sdk/Linux_x86_64/22.9/cuda/include -I/opt/nvidia/hpc_sdk/Linux_x86_64/22.9/math_libs/include -I/opt/nvidia/hpc_sdk/Linux_x86_64/22.5/math_libs/11.7/include -I/opt/nvidia/hpc_sdk/Linux_x86_64/22.5/cuda/11.7/include --sys_include /opt/nvidia/hpc_sdk/Linux_x86_64/22.9/compilers/include --sys_include /usr/include/c++/7 --sys_include /usr/include/c++/7/x86_64-suse-linux --sys_include /usr/include/c++/7/backward --sys_include /usr/lib64/gcc/x86_64-suse-linux/7/include --sys_include /usr/local/include --sys_include /usr/lib64/gcc/x86_64-suse-linux/7/include-fixed --sys_include /usr/lib64/gcc/x86_64-suse-linux/7/../../../../x86_64-suse-linux/include --sys_include /usr/include -D__PGLLVM__ -D__NVCOMPILER_LLVM__ -D__extension__= --preinclude _cplus_preinclude.h --preinclude_macros _cplus_macros.h --gnu_version=70500 -D__pgnu_vsn=70500 --no_fixed_bp -q -o /tmp/nvc++ZZCzfNkcdq2.il /usr/share/cmake/Modules/CMakeCXXCompilerABI.cpp]
  ignore line: []
  ignore line: [/opt/nvidia/hpc_sdk/Linux_x86_64/22.9/compilers/bin/tools/cpp2 /usr/share/cmake/Modules/CMakeCXXCompilerABI.cpp -opt 1 -x 119 0xa10000 -x 122 0x40 -x 123 0x1000 -x 127 4 -x 127 17 -x 19 0x400000 -x 28 0x40000 -x 120 0x10000000 -x 70 0x8000 -x 122 1 -x 125 0x20000 -quad -x 59 4 -tp zen3 -x 120 0x1000 -astype 0 -x 121 1 -fn /usr/share/cmake/Modules/CMakeCXXCompilerABI.cpp -il /tmp/nvc++ZZCzfNkcdq2.il -x 117 0x200 -x 123 0x80000000 -x 123 4 -x 119 0x20 -def __pgnu_vsn=70500 -x 70 0x40000000 -x 183 4 -x 121 0x800 -x 6 0x20000 -x 249 140 -x 120 0x200000 -x 70 0x40000000 -x 8 0x40000000 -x 164 0x800000 -x 71 0x2000 -x 71 0x4000 -x 34 0x40000000 -x 83 0x1 -x 85 0x1 -x 206 0x02 -x 120 0x1000000 -x 68 0x1 -x 39 4 -x 56 0x10 -x 26 0x10 -x 26 1 -x 56 0x4000 -x 197 0 -x 175 0 -x 203 0 -x 204 0 -y 163 0xc0000000 -x 189 0x10 -y 189 0x4000000 -x 60 512 -gnuvsn 70500 -x 69 0x200 -x 123 0x400 -cmdline '+nvc++ /tmp/nvc++ZZCzfNkcdq2.il -v -o CMakeFiles/cmTC_73f9c.dir/CMakeCXXCompilerABI.cpp.o -c' -asm /tmp/nvc++JZCP0D_Bj8f.ll]
  ignore line: [NVC++/x86-64 Linux 22.9-0: compilation successful]
  ignore line: []
  ignore line: [/opt/nvidia/hpc_sdk/Linux_x86_64/22.9/compilers/share/llvm/bin/llc /tmp/nvc++JZCP0D_Bj8f.ll -march=x86-64 -mcpu=native -mattr=+mmx -mattr=+sse -mattr=+sse2 -mattr=+sse3 -mattr=+ssse3 -mattr=+sse4a -mattr=+sse4.1 -mattr=+sse4.2 -mattr=+avx -mattr=+avx2 -mattr=+f16c -mattr=+fma -mattr=+xsave -mattr=+xsaveopt -mattr=+xsavec -mattr=+xsaves -mattr=+popcnt -mattr=+sha -mattr=+aes -mattr=+pclmul -mattr=+clflushopt -mattr=+fsgsbase -mattr=+rdrnd -mattr=+bmi -mattr=+bmi2 -mattr=+lzcnt -mattr=+fxsr -mattr=+mwaitx -mattr=+clzero -mattr=+pku -mattr=+vaes -mattr=+vpclmulqdq -O1 -non-global-value-max-name-size=4294967295 -x86-cmov-converter=0 -dwarf-directory=false --align-all-functions=6 -filetype=obj --frame-pointer=none -o CMakeFiles/cmTC_73f9c.dir/CMakeCXXCompilerABI.cpp.o]
  ignore line: [Unlinking /tmp/nvc++ZZCzfNkcdq2.il]
  ignore line: [Unlinking /tmp/nvc++lZCHW-K7eA3.s]
  ignore line: [Unlinking /tmp/nvc++JZCP0D_Bj8f.ll]
  ignore line: [Unlinking /tmp/nvc++7ZCXzSVIsaR.llvm]
  ignore line: [Linking CXX executable cmTC_73f9c]
  ignore line: [/usr/bin/cmake -E cmake_link_script CMakeFiles/cmTC_73f9c.dir/link.txt --verbose=1]
  ignore line: [/opt/nvidia/hpc_sdk/Linux_x86_64/22.9/compilers/bin/nvc++  -v CMakeFiles/cmTC_73f9c.dir/CMakeCXXCompilerABI.cpp.o -o cmTC_73f9c ]
  ignore line: [Export NVCOMPILER=/opt/nvidia/hpc_sdk/Linux_x86_64/22.9]
  ignore line: [Export PGI=/opt/nvidia/hpc_sdk]
  ignore line: []
  link line: [/usr/bin/ld /usr/lib64/crt1.o /usr/lib64/crti.o /opt/nvidia/hpc_sdk/Linux_x86_64/22.9/compilers/lib/trace_init.o /usr/lib64/gcc/x86_64-suse-linux/7/crtbegin.o --eh-frame-hdr -m elf_x86_64 -dynamic-linker /lib64/ld-linux-x86-64.so.2 -T /opt/nvidia/hpc_sdk/Linux_x86_64/22.9/compilers/lib/nvhpc.ld -L/opt/nvidia/hpc_sdk/Linux_x86_64/22.9/compilers/lib -L/usr/lib64 -L/usr/lib64/gcc/x86_64-suse-linux/7 CMakeFiles/cmTC_73f9c.dir/CMakeCXXCompilerABI.cpp.o -rpath /opt/nvidia/hpc_sdk/Linux_x86_64/22.9/compilers/lib -rpath /usr/lib64/gcc/x86_64-suse-linux/7/../../../../lib64 -o cmTC_73f9c -L/usr/lib64/gcc/x86_64-suse-linux/7/../../../../lib64 -latomic -lnvhpcatm -lstdc++ -lnvomp -ldl --as-needed -lnvhpcatm -latomic --no-as-needed -lpthread -lnvcpumath -lnsnvc -lnvc -lgcc -lc -lgcc_s -lm /usr/lib64/gcc/x86_64-suse-linux/7/crtend.o /usr/lib64/crtn.o]
    arg [/usr/bin/ld] ==> ignore
    arg [/usr/lib64/crt1.o] ==> obj [/usr/lib64/crt1.o]
    arg [/usr/lib64/crti.o] ==> obj [/usr/lib64/crti.o]
    arg [/opt/nvidia/hpc_sdk/Linux_x86_64/22.9/compilers/lib/trace_init.o] ==> obj [/opt/nvidia/hpc_sdk/Linux_x86_64/22.9/compilers/lib/trace_init.o]
    arg [/usr/lib64/gcc/x86_64-suse-linux/7/crtbegin.o] ==> obj [/usr/lib64/gcc/x86_64-suse-linux/7/crtbegin.o]
    arg [--eh-frame-hdr] ==> ignore
    arg [-m] ==> ignore
    arg [elf_x86_64] ==> ignore
    arg [-dynamic-linker] ==> ignore
    arg [/lib64/ld-linux-x86-64.so.2] ==> ignore
    arg [-T] ==> ignore
    arg [/opt/nvidia/hpc_sdk/Linux_x86_64/22.9/compilers/lib/nvhpc.ld] ==> ignore
    arg [-L/opt/nvidia/hpc_sdk/Linux_x86_64/22.9/compilers/lib] ==> dir [/opt/nvidia/hpc_sdk/Linux_x86_64/22.9/compilers/lib]
    arg [-L/usr/lib64] ==> dir [/usr/lib64]
    arg [-L/usr/lib64/gcc/x86_64-suse-linux/7] ==> dir [/usr/lib64/gcc/x86_64-suse-linux/7]
    arg [CMakeFiles/cmTC_73f9c.dir/CMakeCXXCompilerABI.cpp.o] ==> ignore
    arg [-rpath] ==> ignore
    arg [/opt/nvidia/hpc_sdk/Linux_x86_64/22.9/compilers/lib] ==> ignore
    arg [-rpath] ==> ignore
    arg [/usr/lib64/gcc/x86_64-suse-linux/7/../../../../lib64] ==> ignore
    arg [-o] ==> ignore
    arg [cmTC_73f9c] ==> ignore
    arg [-L/usr/lib64/gcc/x86_64-suse-linux/7/../../../../lib64] ==> dir [/usr/lib64/gcc/x86_64-suse-linux/7/../../../../lib64]
    arg [-latomic] ==> lib [atomic]
    arg [-lnvhpcatm] ==> lib [nvhpcatm]
    arg [-lstdc++] ==> lib [stdc++]
    arg [-lnvomp] ==> lib [nvomp]
    arg [-ldl] ==> lib [dl]
    arg [--as-needed] ==> ignore
    arg [-lnvhpcatm] ==> lib [nvhpcatm]
    arg [-latomic] ==> lib [atomic]
    arg [--no-as-needed] ==> ignore
    arg [-lpthread] ==> lib [pthread]
    arg [-lnvcpumath] ==> lib [nvcpumath]
    arg [-lnsnvc] ==> lib [nsnvc]
    arg [-lnvc] ==> lib [nvc]
    arg [-lgcc] ==> lib [gcc]
    arg [-lc] ==> lib [c]
    arg [-lgcc_s] ==> lib [gcc_s]
    arg [-lm] ==> lib [m]
    arg [/usr/lib64/gcc/x86_64-suse-linux/7/crtend.o] ==> obj [/usr/lib64/gcc/x86_64-suse-linux/7/crtend.o]
    arg [/usr/lib64/crtn.o] ==> obj [/usr/lib64/crtn.o]
  collapse library dir [/opt/nvidia/hpc_sdk/Linux_x86_64/22.9/compilers/lib] ==> [/opt/nvidia/hpc_sdk/Linux_x86_64/22.9/compilers/lib]
  collapse library dir [/usr/lib64] ==> [/usr/lib64]
  collapse library dir [/usr/lib64/gcc/x86_64-suse-linux/7] ==> [/usr/lib64/gcc/x86_64-suse-linux/7]
  collapse library dir [/usr/lib64/gcc/x86_64-suse-linux/7/../../../../lib64] ==> [/usr/lib64]
  implicit libs: [atomic;nvhpcatm;stdc++;nvomp;dl;nvhpcatm;atomic;pthread;nvcpumath;nsnvc;nvc;gcc;c;gcc_s;m]
  implicit objs: [/usr/lib64/crt1.o;/usr/lib64/crti.o;/opt/nvidia/hpc_sdk/Linux_x86_64/22.9/compilers/lib/trace_init.o;/usr/lib64/gcc/x86_64-suse-linux/7/crtbegin.o;/usr/lib64/gcc/x86_64-suse-linux/7/crtend.o;/usr/lib64/crtn.o]
  implicit dirs: [/opt/nvidia/hpc_sdk/Linux_x86_64/22.9/compilers/lib;/usr/lib64;/usr/lib64/gcc/x86_64-suse-linux/7]
  implicit fwks: []


